;  LST file generated by mikroListExporter - v.2.0 
; Date/Time: 26.04.2022 14:19:19
;----------------------------------------------

;Address Opcode 	ASM
0x0000	0xF000EF6D  	GOTO        218
_interrupt:
;Timer0.c,3 :: 		void interrupt(){
0x0008	0xF015C000  	MOVFF       R0, 21
;Timer0.c,5 :: 		aa++;
0x000C	0x4A36      	INFSNZ      _aa, 1 
0x000E	0x2A37      	INCF        _aa+1, 1 
;Timer0.c,6 :: 		UART2_Write_Text("hi");
0x0010	0x0E38      	MOVLW       ?lstr1_Timer0
0x0012	0x6E4F      	MOVWF       FARG_UART2_Write_Text_uart_text 
0x0014	0x0E00      	MOVLW       hi_addr(?lstr1_Timer0)
0x0016	0x6E50      	MOVWF       FARG_UART2_Write_Text_uart_text+1 
0x0018	0xD815      	RCALL       _UART2_Write_Text
;Timer0.c,7 :: 		if (aa == 4000){
0x001A	0x5037      	MOVF        _aa+1, 0 
0x001C	0x0A0F      	XORLW       15
0x001E	0xE102      	BNZ         L__interrupt5
0x0020	0x0EA0      	MOVLW       160
0x0022	0x1836      	XORWF       _aa, 0 
L__interrupt5:
0x0024	0xE103      	BNZ         L_interrupt0
;Timer0.c,8 :: 		LATB.B0 = ~LATB.B0;
0x0026	0x708A      	BTG         LATB, 0 
;Timer0.c,9 :: 		aa = 0;
0x0028	0x6A36      	CLRF        _aa 
0x002A	0x6A37      	CLRF        _aa+1 
;Timer0.c,10 :: 		}
L_interrupt0:
;Timer0.c,11 :: 		TMR0L = 6;
0x002C	0x0E06      	MOVLW       6
0x002E	0x6ED6      	MOVWF       TMR0L 
;Timer0.c,12 :: 		TMR0IF_bit = 0;
0x0030	0x94F2      	BCF         TMR0IF_bit, BitPos(TMR0IF_bit+0) 
;Timer0.c,15 :: 		}
L_end_interrupt:
L__interrupt4:
0x0032	0xF000C015  	MOVFF       21, R0
0x0036	0x0011      	RETFIE      1
; end of _interrupt
_UART2_Write:
;__Lib_UART_c67d67.c,160 :: 		
;__Lib_UART_c67d67.c,161 :: 		
L_UART2_Write19:
0x0038	0xB272      	BTFSC       TXSTA2, 1 
0x003A	0xD001      	BRA         L_UART2_Write20
;__Lib_UART_c67d67.c,162 :: 		
0x003C	0xD7FD      	BRA         L_UART2_Write19
L_UART2_Write20:
;__Lib_UART_c67d67.c,163 :: 		
0x003E	0xFF73C053  	MOVFF       FARG_UART2_Write_data_, TXREG2
;__Lib_UART_c67d67.c,164 :: 		
L_end_UART2_Write:
0x0042	0x0012      	RETURN      0
; end of _UART2_Write
_UART2_Write_Text:
;__Lib_UART_c67d67.c,168 :: 		
;__Lib_UART_c67d67.c,169 :: 		
0x0044	0x6A52      	CLRF        UART2_Write_Text_counter_L0 
;__Lib_UART_c67d67.c,171 :: 		
0x0046	0xFFE9C04F  	MOVFF       FARG_UART2_Write_Text_uart_text, FSR0L
0x004A	0xFFEAC050  	MOVFF       FARG_UART2_Write_Text_uart_text+1, FSR0H
0x004E	0xF051CFEE  	MOVFF       POSTINC0, UART2_Write_Text_data__L0
;__Lib_UART_c67d67.c,172 :: 		
L_UART2_Write_Text21:
0x0052	0x5051      	MOVF        UART2_Write_Text_data__L0, 0 
0x0054	0x0A00      	XORLW       0
0x0056	0xE00D      	BZ          L_UART2_Write_Text22
;__Lib_UART_c67d67.c,173 :: 		
0x0058	0xF053C051  	MOVFF       UART2_Write_Text_data__L0, FARG_UART2_Write_data_
0x005C	0xDFED      	RCALL       _UART2_Write
;__Lib_UART_c67d67.c,174 :: 		
0x005E	0x2A52      	INCF        UART2_Write_Text_counter_L0, 1 
;__Lib_UART_c67d67.c,175 :: 		
0x0060	0x5052      	MOVF        UART2_Write_Text_counter_L0, 0 
0x0062	0x244F      	ADDWF       FARG_UART2_Write_Text_uart_text, 0 
0x0064	0x6EE9      	MOVWF       FSR0L 
0x0066	0x0E00      	MOVLW       0
0x0068	0x2050      	ADDWFC      FARG_UART2_Write_Text_uart_text+1, 0 
0x006A	0x6EEA      	MOVWF       FSR0L+1 
0x006C	0xF051CFEE  	MOVFF       POSTINC0, UART2_Write_Text_data__L0
;__Lib_UART_c67d67.c,176 :: 		
0x0070	0xD7F0      	BRA         L_UART2_Write_Text21
L_UART2_Write_Text22:
;__Lib_UART_c67d67.c,177 :: 		
L_end_UART2_Write_Text:
0x0072	0x0012      	RETURN      0
; end of _UART2_Write_Text
_UART2_Init:
;__Lib_UART_c67d67.c,117 :: 		
;__Lib_UART_c67d67.c,120 :: 		
0x0074	0x0E38      	MOVLW       _UART2_Write
0x0076	0x6E3B      	MOVWF       _UART_Wr_Ptr 
0x0078	0x0E00      	MOVLW       hi_addr(_UART2_Write)
0x007A	0x6E3C      	MOVWF       _UART_Wr_Ptr+1 
0x007C	0x0E53      	MOVLW       FARG_UART2_Write_data_
0x007E	0x6E3D      	MOVWF       _UART_Wr_Ptr+2 
0x0080	0x0E00      	MOVLW       hi_addr(FARG_UART2_Write_data_)
0x0082	0x6E3E      	MOVWF       _UART_Wr_Ptr+3 
;__Lib_UART_c67d67.c,121 :: 		
0x0084	0x0EFF      	MOVLW       _UART2_Read
0x0086	0x6E3F      	MOVWF       _UART_Rd_Ptr 
0x0088	0x0EFF      	MOVLW       hi_addr(_UART2_Read)
0x008A	0x6E40      	MOVWF       _UART_Rd_Ptr+1 
0x008C	0x0E00      	MOVLW       0
0x008E	0x6E41      	MOVWF       _UART_Rd_Ptr+2 
0x0090	0x0E00      	MOVLW       0
0x0092	0x6E42      	MOVWF       _UART_Rd_Ptr+3 
;__Lib_UART_c67d67.c,122 :: 		
0x0094	0x0EFF      	MOVLW       _UART2_Data_Ready
0x0096	0x6E46      	MOVWF       _UART_Rdy_Ptr 
0x0098	0x0EFF      	MOVLW       hi_addr(_UART2_Data_Ready)
0x009A	0x6E47      	MOVWF       _UART_Rdy_Ptr+1 
0x009C	0x0E00      	MOVLW       0
0x009E	0x6E48      	MOVWF       _UART_Rdy_Ptr+2 
0x00A0	0x0E00      	MOVLW       0
0x00A2	0x6E49      	MOVWF       _UART_Rdy_Ptr+3 
;__Lib_UART_c67d67.c,123 :: 		
0x00A4	0x0EFF      	MOVLW       _UART2_Tx_Idle
0x00A6	0x6E4A      	MOVWF       _UART_Tx_Idle_Ptr 
0x00A8	0x0EFF      	MOVLW       hi_addr(_UART2_Tx_Idle)
0x00AA	0x6E4B      	MOVWF       _UART_Tx_Idle_Ptr+1 
0x00AC	0x0E00      	MOVLW       0
0x00AE	0x6E4C      	MOVWF       _UART_Tx_Idle_Ptr+2 
0x00B0	0x0E00      	MOVLW       0
0x00B2	0x6E4D      	MOVWF       _UART_Tx_Idle_Ptr+3 
;__Lib_UART_c67d67.c,125 :: 		
0x00B4	0x8A72      	BSF         TXSTA2, 5 
;__Lib_UART_c67d67.c,126 :: 		
0x00B6	0x0E90      	MOVLW       144
0x00B8	0x6E71      	MOVWF       RCSTA2 
;__Lib_UART_c67d67.c,127 :: 		
0x00BA	0x8E95      	BSF         TRISD7_bit, BitPos(TRISD7_bit+0) 
;__Lib_UART_c67d67.c,128 :: 		
0x00BC	0x9C95      	BCF         TRISD6_bit, BitPos(TRISD6_bit+0) 
;__Lib_UART_c67d67.c,130 :: 		
L_UART2_Init16:
0x00BE	0xAAA4      	BTFSS       RC2IF_bit, BitPos(RC2IF_bit+0) 
0x00C0	0xD003      	BRA         L_UART2_Init17
;__Lib_UART_c67d67.c,131 :: 		
0x00C2	0xF000CF74  	MOVFF       RCREG2, R0
0x00C6	0xD7FB      	BRA         L_UART2_Init16
L_UART2_Init17:
;__Lib_UART_c67d67.c,132 :: 		
L_end_UART2_Init:
0x00C8	0x0012      	RETURN      0
; end of _UART2_Init
___CC2DW:
;__Lib_System.c,21 :: 		
;__Lib_System.c,23 :: 		
_CC2DL_Loop1:
;__Lib_System.c,24 :: 		
0x00CA	0x0009      	TBLRD*+
;__Lib_System.c,25 :: 		
0x00CC	0xFFE6CFF5  	MOVFF       TABLAT, POSTINC1
;__Lib_System.c,26 :: 		
0x00D0	0x0600      	DECF        R0, 1, 0
;__Lib_System.c,27 :: 		
0x00D2	0xE1FB      	BNZ         _CC2DL_Loop1
;__Lib_System.c,28 :: 		
0x00D4	0x0601      	DECF        R1, 1, 0
;__Lib_System.c,29 :: 		
0x00D6	0xE1F9      	BNZ         _CC2DL_Loop1
;__Lib_System.c,31 :: 		
L_end___CC2DW:
0x00D8	0x0012      	RETURN      0
; end of ___CC2DW
_main:
0x00DA	0xF000EC98  	CALL        304, 0
;Timer0.c,16 :: 		void main() {
;Timer0.c,17 :: 		OSCCON = 0x62;
0x00DE	0x0E62      	MOVLW       98
0x00E0	0x6ED3      	MOVWF       OSCCON 
;Timer0.c,18 :: 		ANSELB = 0;
0x00E2	0x010F      	MOVLB       15
0x00E4	0x6B39      	CLRF        ANSELB, 1
;Timer0.c,19 :: 		TRISB = 0;
0x00E6	0x6A93      	CLRF        TRISB 
;Timer0.c,20 :: 		LATB = 0X00;
0x00E8	0x6A8A      	CLRF        LATB 
;Timer0.c,21 :: 		UART2_Init(115200);
0x00EA	0x8670      	BSF         BAUDCON2, 3, 0
0x00EC	0x6A76      	CLRF        SPBRGH2 
0x00EE	0x0E10      	MOVLW       16
0x00F0	0x6E75      	MOVWF       SPBRG2 
0x00F2	0x8472      	BSF         TXSTA2, 2, 0
0x00F4	0xDFBF      	RCALL       _UART2_Init
;Timer0.c,23 :: 		T0CON = 0Xc0;
0x00F6	0x0EC0      	MOVLW       192
0x00F8	0x6ED5      	MOVWF       T0CON 
;Timer0.c,24 :: 		INTCON = 0Xc0; // interrupt is enabled
0x00FA	0x0EC0      	MOVLW       192
0x00FC	0x6EF2      	MOVWF       INTCON 
;Timer0.c,25 :: 		INTCON.TMR0IE = 1;
0x00FE	0x8AF2      	BSF         INTCON, 5 
;Timer0.c,26 :: 		INTCON.TMR0IF = 0;
0x0100	0x94F2      	BCF         INTCON, 2 
;Timer0.c,27 :: 		TMR0L = 6;
0x0102	0x0E06      	MOVLW       6
0x0104	0x6ED6      	MOVWF       TMR0L 
;Timer0.c,28 :: 		while(1){
L_main1:
;Timer0.c,30 :: 		}
0x0106	0xD7FF      	BRA         L_main1
;Timer0.c,33 :: 		}
L_end_main:
0x0108	0xD7FF      	BRA         $+0
; end of _main
0x0130	0xF016EE10  	LFSR        1, 22
0x0134	0x0E25      	MOVLW       37
0x0136	0x6E00      	MOVWF       R0 
0x0138	0x0E01      	MOVLW       1
0x013A	0x6E01      	MOVWF       R1 
0x013C	0x0E0A      	MOVLW       10
0x013E	0x6EF6      	MOVWF       TBLPTR 
0x0140	0x0E01      	MOVLW       1
0x0142	0x6EF7      	MOVWF       TBLPTRH 
0x0144	0x0E00      	MOVLW       0
0x0146	0x6EF8      	MOVWF       TBLPTRU 
0x0148	0xF000EC65  	CALL        202, 0
0x014C	0x0012      	RETURN      0
;__Lib_FT5XX6.c,0 :: ?ICS__Lib_FT5XX6_OrientPrototype3
0x010A	0x0044 ;?ICS__Lib_FT5XX6_OrientPrototype3+0
0x010C	0x004E ;?ICS__Lib_FT5XX6_OrientPrototype3+2
0x010E	0x0043 ;?ICS__Lib_FT5XX6_OrientPrototype3+4
0x0110	0x0045 ;?ICS__Lib_FT5XX6_OrientPrototype3+6
; end of ?ICS__Lib_FT5XX6_OrientPrototype3
;__Lib_FT5XX6.c,0 :: ?ICS__Lib_FT5XX6_OrientPrototype1
0x0112	0x0043 ;?ICS__Lib_FT5XX6_OrientPrototype1+0
0x0114	0x0045 ;?ICS__Lib_FT5XX6_OrientPrototype1+2
0x0116	0x0044 ;?ICS__Lib_FT5XX6_OrientPrototype1+4
0x0118	0x004E ;?ICS__Lib_FT5XX6_OrientPrototype1+6
; end of ?ICS__Lib_FT5XX6_OrientPrototype1
;__Lib_FT5XX6.c,0 :: ?ICS__Lib_FT5XX6_OrientPrototype2
0x011A	0x004E ;?ICS__Lib_FT5XX6_OrientPrototype2+0
0x011C	0x0043 ;?ICS__Lib_FT5XX6_OrientPrototype2+2
0x011E	0x0045 ;?ICS__Lib_FT5XX6_OrientPrototype2+4
0x0120	0x0044 ;?ICS__Lib_FT5XX6_OrientPrototype2+6
; end of ?ICS__Lib_FT5XX6_OrientPrototype2
;__Lib_FT5XX6.c,0 :: ?ICS__Lib_FT5XX6_OrientPrototype0
0x0122	0x0045 ;?ICS__Lib_FT5XX6_OrientPrototype0+0
0x0124	0x0044 ;?ICS__Lib_FT5XX6_OrientPrototype0+2
0x0126	0x004E ;?ICS__Lib_FT5XX6_OrientPrototype0+4
0x0128	0x0043 ;?ICS__Lib_FT5XX6_OrientPrototype0+6
; end of ?ICS__Lib_FT5XX6_OrientPrototype0
;Timer0.c,0 :: ?ICS_aa
0x012A	0x0000 ;?ICS_aa+0
; end of ?ICS_aa
;Timer0.c,0 :: ?ICS?lstr1_Timer0
0x012C	0x6968 ;?ICS?lstr1_Timer0+0
0x012E	0x00 ;?ICS?lstr1_Timer0+2
; end of ?ICS?lstr1_Timer0
Symbol List:
//** Routines locations **
//ADDRESS    SIZE    PROCEDURE
//----------------------------------------------
0x0008      [48]    _interrupt
0x0038      [12]    _UART2_Write
0x0044      [48]    _UART2_Write_Text
0x0074      [86]    _UART2_Init
0x00CA      [16]    ___CC2DW
0x00DA      [48]    _main
//** Variables locations ** 
//ADDRESS    SIZE    VARIABLE
//----------------------------------------------
0x0000       [1]    R0
0x0000       [1]    EEPROM_Write_SaveINTCON_L0
0x0000       [1]    UART1_Init_tmp_L0
0x0000       [1]    SPI2_Write_tmp_L0
0x0000       [1]    __Lib_SoftI2C_PutZerosToLATScl_temp_scl_L0
0x0000       [1]    __Lib_SoftI2C_PutZerosToLATSda_temp_sda_L0
0x0000       [1]    FLASH_Erase_64_SaveINTCON_L0
0x0000       [1]    UART2_Init_tmp_L0
0x0000       [1]    SPI1_Write_tmp_L0
0x0001       [1]    __Lib_TFT_16bit_JPEG_FileRead_i_L0
0x0001       [1]    __Lib_TFT_16bit_JPEG_FileReadBytes_Result_L0
0x0001       [1]    UART2_Read___tmp_UART2_Read_L0
0x0001       [1]    __Lib_PS2_Wait_Falling_nsample_L0
0x0001       [1]    UART1_Read___tmp_UART1_Read_L0
0x0001       [1]    ispunct_rslt_L0
0x0001       [1]    __Lib_TFT_JPEG_FileRead_i_L0
0x0001       [2]    FLASH_Read_N_Bytes_i_L0
0x0001       [1]    FLASH_Erase_Write_64_i_L0
0x0001       [1]    FLASH_Write_64_i_L0
0x0001       [1]    __Lib_Conversions_Adjust_Hex_tmp_L0
0x0001       [1]    __Lib_TFT_JPEG_FileReadBytes_Result_L0
0x0001       [1]    R1
0x0002       [1]    FLASH_Erase_Write_64_j_L0
0x0002       [1]    FLASH_Write_64_SaveINTCON_L0
0x0002       [2]    strlen_cp_L0
0x0002       [2]    FT5XX6_GetGestureIndex_i_L0
0x0002       [1]    R2
0x0002       [2]    memcpy_dd_L0
0x0002       [2]    memchr_s_L0
0x0002       [2]    memset_pp_L0
0x0003       [2]    __Lib_MmcFat16_f16_toInt_l_L0
0x0003       [2]    Ltrim_original_L0
0x0003       [2]    MM_TotalFreeMemSize_Tot_L0
0x0003       [1]    FLASH_Erase_Write_64_SaveINTCON_L0
0x0003       [2]    memmove_tt_L0
0x0003       [1]    __Lib_Sprinti_?FLOC____Lib_Sprinti_Do_FillT29
0x0003       [1]    MM_Init_i_L0
0x0003       [1]    R3
0x0004       [2]    frexp_pom_L0
0x0004       [2]    __Lib_MemManager_MM_GetMemAlign_P_L0
0x0004       [2]    memcpy_ss_L0
0x0004       [2]    strncpy_cp_L0
0x0004       [1]    __Lib_Sprinti_?FLOC____Lib_Sprinti_Do_FillT40
0x0004       [2]    strncat_cp_L0
0x0004       [1]    R4
0x0004       [2]    strcpy_cp_L0
0x0004       [2]    strcat_cp_L0
0x0005       [1]    __Lib_Sprinti_?FLOC____Lib_Sprinti_Do_FillT54
0x0005       [2]    memmove_ff_L0
0x0005       [2]    Ltrim_p_L0
0x0005       [2]    LongIntToHex_input_half_L0
0x0005       [1]    MM_TotalFreeMemSize_i_L0
0x0005       [1]    R5
0x0005       [2]    LongWordToHex_input_half_L0
0x0006       [1]    __Lib_Sprinti_?FLOC____Lib_Sprinti_Do_FillT69
0x0006       [1]    __Lib_MemManager_MM_GetMemAlign_i_L0
0x0006       [1]    R6
0x0007       [1]    __Lib_TFT_16bit_JPEG_GenerateHuffmanTables_bLength_L0
0x0007       [1]    __Lib_TFT_JPEG_GenerateHuffmanTables_bLength_L0
0x0007       [1]    R7
0x0008       [1]    __Lib_TFT_16bit_JPEG_GenerateHuffmanTables_bTable_L0
0x0008       [1]    __Lib_TFT_JPEG_GenerateHuffmanTables_bTable_L0
0x0008       [1]    R8
0x0009       [1]    R9
0x0009       [4]    __Lib_MmcFat16_f16_toLong_l_L0
0x000A       [1]    R10
0x000B       [1]    R11
0x000C       [1]    R12
0x000D       [1]    R13
0x000E       [1]    R14
0x000F       [1]    R15
0x0010       [1]    R16
0x0011       [1]    R17
0x0012       [1]    R18
0x0013       [1]    R19
0x0014       [1]    R20
0x0016       [8]    __Lib_FT5XX6_OrientPrototype3
0x001E       [8]    __Lib_FT5XX6_OrientPrototype1
0x0026       [8]    __Lib_FT5XX6_OrientPrototype2
0x002E       [8]    __Lib_FT5XX6_OrientPrototype0
0x0036       [2]    _aa
0x0038       [3]    ?lstr1_Timer0
0x003B       [4]    _UART_Wr_Ptr
0x003F       [4]    _UART_Rd_Ptr
0x0043       [1]    _ft5xx6_gest_move_left
0x0044       [1]    _ft5xx6_gest_move_right
0x0045       [1]    _ft5xx6_gest_move_up
0x0046       [4]    _UART_Rdy_Ptr
0x004A       [4]    _UART_Tx_Idle_Ptr
0x004E       [1]    _ft5xx6_gest_move_down
0x004F       [2]    FARG_UART2_Write_Text_uart_text
0x0051       [1]    UART2_Write_Text_data__L0
0x0052       [1]    UART2_Write_Text_counter_L0
0x0053       [1]    FARG_UART2_Write_data_
0x0F39       [1]    ANSELB
0x0F70       [1]    BAUDCON2
0x0F71       [1]    RCSTA2
0x0F72       [1]    TXSTA2
0x0F73       [1]    TXREG2
0x0F74       [1]    RCREG2
0x0F75       [1]    SPBRG2
0x0F76       [1]    SPBRGH2
0x0F8A       [1]    LATB
0x0F93       [1]    TRISB
0x0F95       [0]    TRISD6_bit
0x0F95       [0]    TRISD7_bit
0x0FA4       [0]    RC2IF_bit
0x0FD3       [1]    OSCCON
0x0FD5       [1]    T0CON
0x0FD6       [1]    TMR0L
0x0FD8       [1]    STATUS
0x0FD9       [1]    FSR2L
0x0FDA       [1]    FSR2H
0x0FDE       [1]    POSTINC2
0x0FE0       [1]    BSR
0x0FE1       [1]    FSR1L
0x0FE2       [1]    FSR1H
0x0FE4       [1]    PREINC1
0x0FE6       [1]    POSTINC1
0x0FE7       [1]    INDF1
0x0FE8       [1]    WREG
0x0FE9       [1]    FSR0L
0x0FEA       [1]    FSR0H
0x0FEE       [1]    POSTINC0
0x0FF2       [0]    TMR0IF_bit
0x0FF2       [1]    INTCON
0x0FF3       [1]    PRODL
0x0FF4       [1]    PRODH
0x0FF5       [1]    TABLAT
0x0FF6       [1]    TBLPTRL
0x0FF6       [3]    TBLPTR
0x0FF7       [1]    TBLPTRH
0x0FF8       [1]    TBLPTRU
//** Constants locations ** 
//ADDRESS    SIZE    CONSTANT
//----------------------------------------------
0x010A       [8]    ?ICS__Lib_FT5XX6_OrientPrototype3
0x0112       [8]    ?ICS__Lib_FT5XX6_OrientPrototype1
0x011A       [8]    ?ICS__Lib_FT5XX6_OrientPrototype2
0x0122       [8]    ?ICS__Lib_FT5XX6_OrientPrototype0
0x012A       [2]    ?ICS_aa
0x012C       [3]    ?ICS?lstr1_Timer0
